<?xml version="1.0" encoding="UTF-8"?>
<!-- Generated by org.testng.reporters.JUnitReportReporter -->
<testsuite hostname="Karan-Kumar" failures="0" tests="1" name="seliniumlogin.Login_Automation" time="0.042" errors="0" timestamp="2022-09-28T17:53:51 IST" skipped="0">
  <testcase classname="seliniumlogin.Login_Automation" name="f" time="0.042"/>
</testsuite> <!-- seliniumlogin.Login_Automation -->
